


materialPath: C:\Steam\steamapps\common\Counter-Strike Global Offensive\csgo\materials
Loading D:\Projects\de_hub\de_hub.vmf
Map revision 337
Patching WVT material: maps/de_hub/hr_massive/broken_road_1_blend_2_wvt_patch
Patching WVT material: maps/de_hub/dev/dev_blendmeasure_wvt_patch
fixing up env_cubemap materials on brush sides...
0...1...2...3...4...5...6...7...8...9...100...1...2...3...4...5...6...7...8...9...10Processing areas...done (0)
Building Faces...done (0)
Chop Details...done (0)
Find Visible Detail Sides...done (0)
Merging details...done (0)
FixTjuncs...
PruneNodes...
WriteBSP...
done (0)
writing D:\Projects\de_hub\de_hub.prt...Building visibility clusters...
AutoVisClustering (threshold=-1) matched 0 leafs.
done (0)
Finding displacement neighbors...
Found a displacement edge abutting multiple other edges.
Finding lightmap sample positions...
Displacement Alpha : 0...1...2...3...4...5...6...7...8...9...10
Building Physics collision data...
done (1) (455014 bytes)
Error! To use model "models/props_office/computer_monitor_01.mdl"
      with prop_static, it must be compiled with $staticprop!
Error loading studio model "models/props_office/computer_monitor_01.mdl"!
Error! prop_static using model "models/props/cs_office/computer_mouse.mdl", which must be used on a dynamic entity (i.e. prop_physics). Deleted.
Error loading studio model "models/props/cs_office/computer_mouse.mdl"!
Placing detail props : 0...1...2...3...4...5...6...7...8...9...10
Water found with no water_lod_control entity, creating a default one.
Compacting texture/material tables...
Reduced 1340 texinfos to 499
Reduced 130 texdatas to 102 (5405 bytes to 4274)
Writing D:\Projects\de_hub\de_hub.bsp
MSG_FILEWRITE - Filesystem was asked to write to 'd:\projects\de_hub\de_hub.bsp', but we don't own that location. Allowing...
2 seconds elapsed
